2025-11-14 00:56:51 [restartedMain] INFO  c.stileunico.StileUnicoApplication - Starting StileUnicoApplication using Java 21.0.8 with PID 1372 (C:\Users\Caio Guerra\Documents\faculdade\stileunico\stileunico\target\classes started by Caio Guerra in C:\Users\Caio Guerra\Documents\faculdade\stileunico\stileunico)
2025-11-14 00:56:51 [restartedMain] INFO  c.stileunico.StileUnicoApplication - No active profile set, falling back to 1 default profile: "default"
2025-11-14 00:56:51 [restartedMain] INFO  o.s.b.d.e.DevToolsPropertyDefaultsPostProcessor - Devtools property defaults active! Set 'spring.devtools.add-properties' to 'false' to disable
2025-11-14 00:56:51 [restartedMain] INFO  o.s.b.d.e.DevToolsPropertyDefaultsPostProcessor - For additional web related logging consider setting the 'logging.level.web' property to 'DEBUG'
2025-11-14 00:56:52 [restartedMain] INFO  o.s.d.r.c.RepositoryConfigurationDelegate - Bootstrapping Spring Data JPA repositories in DEFAULT mode.
2025-11-14 00:56:52 [restartedMain] INFO  o.s.d.r.c.RepositoryConfigurationDelegate - Finished Spring Data repository scanning in 106 ms. Found 15 JPA repository interfaces.
2025-11-14 00:56:53 [restartedMain] INFO  o.s.b.w.e.tomcat.TomcatWebServer - Tomcat initialized with port 8080 (http)
2025-11-14 00:56:53 [restartedMain] INFO  o.a.catalina.core.StandardService - Starting service [Tomcat]
2025-11-14 00:56:53 [restartedMain] INFO  o.a.catalina.core.StandardEngine - Starting Servlet engine: [Apache Tomcat/10.1.30]
2025-11-14 00:56:53 [restartedMain] INFO  o.a.c.c.C.[Tomcat].[localhost].[/] - Initializing Spring embedded WebApplicationContext
2025-11-14 00:56:53 [restartedMain] INFO  o.s.b.w.s.c.ServletWebServerApplicationContext - Root WebApplicationContext: initialization completed in 2203 ms
2025-11-14 00:56:53 [restartedMain] INFO  com.zaxxer.hikari.HikariDataSource - HikariPool-1 - Starting...
2025-11-14 00:56:54 [restartedMain] INFO  com.zaxxer.hikari.pool.HikariPool - HikariPool-1 - Added connection ConnectionID:1 ClientConnectionId: 06a33822-1c38-4021-b42e-a89164f8867d
2025-11-14 00:56:54 [restartedMain] INFO  com.zaxxer.hikari.HikariDataSource - HikariPool-1 - Start completed.
2025-11-14 00:56:54 [restartedMain] INFO  o.s.b.a.h.H2ConsoleAutoConfiguration - H2 console available at '/h2-console'. Database available at 'jdbc:sqlserver://servidorfaculdade.database.windows.net:1433;connectRetryInterval=10;connectRetryCount=1;maxResultBuffer=-1;sendTemporalDataTypesAsStringForBulkCopy=true;delayLoadingLobs=true;useFmtOnly=false;useBulkCopyForBatchInsert=false;cancelQueryTimeout=-1;sslProtocol=TLS;calcBigDecimalPrecision=false;useDefaultJaasConfig=false;jaasConfigurationName=SQLJDBCDriver;statementPoolingCacheSize=0;serverPreparedStatementDiscardThreshold=10;enablePrepareOnFirstPreparedStatementCall=false;fips=false;socketTimeout=0;authentication=NotSpecified;authenticationScheme=nativeAuthentication;xopenStates=false;datetimeParameterType=datetime2;sendTimeAsDatetime=true;replication=false;trustStoreType=JKS;trustServerCertificate=false;TransparentNetworkIPResolution=true;iPAddressPreference=IPv4First;serverNameAsACE=false;sendStringParametersAsUnicode=true;selectMethod=direct;responseBuffering=adaptive;queryTimeout=-1;packetSize=8000;multiSubnetFailover=false;loginTimeout=30;lockTimeout=-1;lastUpdateCount=true;useDefaultGSSCredential=false;prepareMethod=prepexec;encrypt=true;disableStatementPooling=true;databaseName=Pim4;columnEncryptionSetting=Disabled;applicationName=Microsoft JDBC Driver for SQL Server;applicationIntent=readwrite;'
2025-11-14 00:56:54 [restartedMain] INFO  o.h.jpa.internal.util.LogHelper - HHH000204: Processing PersistenceUnitInfo [name: default]
2025-11-14 00:56:54 [restartedMain] INFO  org.hibernate.Version - HHH000412: Hibernate ORM core version 6.5.3.Final
2025-11-14 00:56:54 [restartedMain] INFO  o.h.c.i.RegionFactoryInitiator - HHH000026: Second-level cache disabled
2025-11-14 00:56:54 [restartedMain] INFO  o.s.o.j.p.SpringPersistenceUnitInfo - No LoadTimeWeaver setup: ignoring JPA class transformer
2025-11-14 00:56:54 [restartedMain] WARN  org.hibernate.orm.deprecation - HHH90000025: SQLServerDialect does not need to be specified explicitly using 'hibernate.dialect' (remove the property setting and it will be selected by default)
2025-11-14 00:56:56 [restartedMain] INFO  o.h.e.t.j.p.i.JtaPlatformInitiator - HHH000489: No JTA platform available (set 'hibernate.transaction.jta.platform' to enable JTA platform integration)
2025-11-14 00:56:58 [restartedMain] INFO  o.s.o.j.LocalContainerEntityManagerFactoryBean - Initialized JPA EntityManagerFactory for persistence unit 'default'
2025-11-14 00:56:58 [restartedMain] INFO  o.s.s.c.a.a.c.InitializeAuthenticationProviderBeanManagerConfigurer$InitializeAuthenticationProviderManagerConfigurer - Global AuthenticationManager configured with AuthenticationProvider bean with name authenticationProvider
2025-11-14 00:56:58 [restartedMain] WARN  o.s.s.c.a.a.c.InitializeUserDetailsBeanManagerConfigurer$InitializeUserDetailsManagerConfigurer - Global AuthenticationManager configured with an AuthenticationProvider bean. UserDetailsService beans will not be used for username/password login. Consider removing the AuthenticationProvider bean. Alternatively, consider using the UserDetailsService in a manually instantiated DaoAuthenticationProvider.
2025-11-14 00:56:58 [restartedMain] WARN  o.s.b.a.o.j.JpaBaseConfiguration$JpaWebConfiguration - spring.jpa.open-in-view is enabled by default. Therefore, database queries may be performed during view rendering. Explicitly configure spring.jpa.open-in-view to disable this warning
2025-11-14 00:56:59 [restartedMain] INFO  o.s.b.d.a.OptionalLiveReloadServer - LiveReload server is running on port 35729
2025-11-14 00:56:59 [restartedMain] INFO  o.s.b.w.e.tomcat.TomcatWebServer - Tomcat started on port 8080 (http) with context path '/'
2025-11-14 00:56:59 [restartedMain] INFO  c.stileunico.StileUnicoApplication - Started StileUnicoApplication in 8.59 seconds (process running for 9.303)
2025-11-14 00:58:09 [http-nio-8080-exec-1] INFO  o.a.c.c.C.[Tomcat].[localhost].[/] - Initializing Spring DispatcherServlet 'dispatcherServlet'
2025-11-14 00:58:09 [http-nio-8080-exec-1] INFO  o.s.web.servlet.DispatcherServlet - Initializing Servlet 'dispatcherServlet'
2025-11-14 00:58:09 [http-nio-8080-exec-1] INFO  o.s.web.servlet.DispatcherServlet - Completed initialization in 1 ms
2025-11-14 00:58:09 [http-nio-8080-exec-1] INFO  HTTP - [REQUEST] GET /swagger-ui/index.html
2025-11-14 00:58:09 [http-nio-8080-exec-1] INFO  HTTP - [RESPONSE] 200 /swagger-ui/index.html (45 ms)
2025-11-14 00:58:09 [http-nio-8080-exec-2] INFO  HTTP - [REQUEST] GET /swagger-ui/swagger-ui.css
2025-11-14 00:58:09 [http-nio-8080-exec-3] INFO  HTTP - [REQUEST] GET /swagger-ui/index.css
2025-11-14 00:58:09 [http-nio-8080-exec-5] INFO  HTTP - [REQUEST] GET /swagger-ui/swagger-ui-standalone-preset.js
2025-11-14 00:58:09 [http-nio-8080-exec-4] INFO  HTTP - [REQUEST] GET /swagger-ui/swagger-ui-bundle.js
2025-11-14 00:58:09 [http-nio-8080-exec-6] INFO  HTTP - [REQUEST] GET /swagger-ui/swagger-initializer.js
2025-11-14 00:58:09 [http-nio-8080-exec-3] INFO  HTTP - [RESPONSE] 200 /swagger-ui/index.css (3 ms)
2025-11-14 00:58:09 [http-nio-8080-exec-2] INFO  HTTP - [RESPONSE] 200 /swagger-ui/swagger-ui.css (7 ms)
2025-11-14 00:58:09 [http-nio-8080-exec-5] INFO  HTTP - [RESPONSE] 200 /swagger-ui/swagger-ui-standalone-preset.js (18 ms)
2025-11-14 00:58:09 [http-nio-8080-exec-4] INFO  HTTP - [RESPONSE] 200 /swagger-ui/swagger-ui-bundle.js (30 ms)
2025-11-14 00:58:09 [http-nio-8080-exec-6] INFO  HTTP - [RESPONSE] 200 /swagger-ui/swagger-initializer.js (35 ms)
2025-11-14 00:58:09 [http-nio-8080-exec-7] INFO  HTTP - [REQUEST] GET /v3/api-docs/swagger-config
2025-11-14 00:58:09 [http-nio-8080-exec-7] INFO  HTTP - [RESPONSE] 200 /v3/api-docs/swagger-config (25 ms)
2025-11-14 00:58:09 [http-nio-8080-exec-8] INFO  HTTP - [REQUEST] GET /v3/api-docs
2025-11-14 00:58:10 [http-nio-8080-exec-8] INFO  o.s.api.AbstractOpenApiResource - Init duration for springdoc-openapi is: 581 ms
2025-11-14 00:58:10 [http-nio-8080-exec-8] INFO  HTTP - [RESPONSE] 200 /v3/api-docs (611 ms)
2025-11-14 00:58:32 [http-nio-8080-exec-9] INFO  HTTP - [REQUEST] POST /api/auth/login
2025-11-14 00:58:32 [http-nio-8080-exec-9] INFO  HTTP - [RESPONSE] 200 /api/auth/login (575 ms)
2025-11-14 00:58:57 [http-nio-8080-exec-10] INFO  HTTP - [REQUEST] GET /api/funcionarios
2025-11-14 00:58:57 [http-nio-8080-exec-10] INFO  c.s.service.FuncionarioService - Listando todos os funcionários...
2025-11-14 00:58:58 [http-nio-8080-exec-10] INFO  HTTP - [RESPONSE] 200 /api/funcionarios (105 ms)
2025-11-14 01:00:05 [http-nio-8080-exec-6] INFO  HTTP - [REQUEST] GET /api/funcionarios
2025-11-14 01:00:05 [http-nio-8080-exec-6] INFO  c.s.service.FuncionarioService - Listando todos os funcionários...
2025-11-14 01:00:05 [http-nio-8080-exec-6] INFO  HTTP - [RESPONSE] 200 /api/funcionarios (94 ms)
2025-11-14 01:20:59 [http-nio-8080-exec-8] INFO  HTTP - [REQUEST] GET /api/funcionarios
2025-11-14 01:20:59 [http-nio-8080-exec-8] INFO  c.s.service.FuncionarioService - Listando todos os funcionários...
2025-11-14 01:20:59 [http-nio-8080-exec-8] INFO  HTTP - [RESPONSE] 200 /api/funcionarios (93 ms)
2025-11-14 01:24:58 [http-nio-8080-exec-10] INFO  HTTP - [REQUEST] GET /api/roupas/1
2025-11-14 01:24:58 [http-nio-8080-exec-10] INFO  HTTP - [RESPONSE] 200 /api/roupas/1 (147 ms)
2025-11-14 01:25:12 [http-nio-8080-exec-1] INFO  HTTP - [REQUEST] GET /api/logs
2025-11-14 01:25:12 [http-nio-8080-exec-1] INFO  HTTP - [RESPONSE] 200 /api/logs (117 ms)
2025-11-14 02:49:37 [SpringApplicationShutdownHook] INFO  o.s.o.j.LocalContainerEntityManagerFactoryBean - Closing JPA EntityManagerFactory for persistence unit 'default'
2025-11-14 02:49:37 [SpringApplicationShutdownHook] INFO  com.zaxxer.hikari.HikariDataSource - HikariPool-1 - Shutdown initiated...
2025-11-14 02:49:37 [SpringApplicationShutdownHook] INFO  com.zaxxer.hikari.HikariDataSource - HikariPool-1 - Shutdown completed.
